2025-08-03 22:58:35.483 [main] WARN  com.alibaba.nacos.client.logging.NacosLogging - Load Logback Configuration of Nacos fail, message: Could not initialize Logback Nacos logging from classpath:nacos-logback.xml
2025-08-03 22:58:35.546 [main] WARN  com.alibaba.nacos.client.logging.NacosLogging - Load Logback Configuration of Nacos fail, message: Could not initialize Logback Nacos logging from classpath:nacos-logback.xml
2025-08-03 22:58:35.995 [main] WARN  com.alibaba.nacos.client.logging.NacosLogging - Load Logback Configuration of Nacos fail, message: Could not initialize Logback Nacos logging from classpath:nacos-logback.xml
2025-08-03 22:58:36.008 [main] WARN  com.alibaba.nacos.client.logging.NacosLogging - Load Logback Configuration of Nacos fail, message: Could not initialize Logback Nacos logging from classpath:nacos-logback.xml
2025-08-03 22:58:36.009 [main] INFO  biz.com.xcf.xls.note.biz.XlsNoteBizApplication - The following 1 profile is active: "dev"
2025-08-03 22:58:36.475 [main] WARN  org.mybatis.spring.mapper.ClassPathMapperScanner - No MyBatis mapper was found in '[com.xcf.xls.note.biz.domain.mapper]' package. Please check your configuration.
2025-08-03 22:58:36.536 [main] INFO  o.springframework.cloud.context.scope.GenericScope - BeanFactory id=4ecf8a47-ba1e-3da4-8cd2-5dc81dadd1a0
2025-08-03 22:58:36.895 [main] INFO  o.s.boot.web.embedded.tomcat.TomcatWebServer - Tomcat initialized with port(s): 8086 (http)
2025-08-03 22:58:36.905 [main] INFO  org.apache.catalina.core.StandardService - Starting service [Tomcat]
2025-08-03 22:58:36.905 [main] INFO  org.apache.catalina.core.StandardEngine - Starting Servlet engine: [Apache Tomcat/10.1.5]
2025-08-03 22:58:36.980 [main] INFO  o.a.c.core.ContainerBase.[Tomcat].[localhost].[/] - Initializing Spring embedded WebApplicationContext
2025-08-03 22:58:36.981 [main] INFO  o.s.b.w.s.c.ServletWebServerApplicationContext - Root WebApplicationContext: initialization completed in 957 ms
2025-08-03 22:58:37.475 [main] INFO  c.a.d.s.b.a.DruidDataSourceAutoConfigure - Init DruidDataSource
2025-08-03 22:58:37.546 [main] ERROR com.alibaba.druid.pool.DruidDataSource - {dataSource-1} init error
java.lang.IllegalArgumentException: Failed to decrypt.
	at com.alibaba.druid.filter.config.ConfigFilter.decrypt(ConfigFilter.java:203)
	at com.alibaba.druid.filter.config.ConfigFilter.init(ConfigFilter.java:122)
	at com.alibaba.druid.pool.DruidDataSource.init(DruidDataSource.java:835)
	at com.alibaba.druid.spring.boot3.autoconfigure.DruidDataSourceWrapper.afterPropertiesSet(DruidDataSourceWrapper.java:51)
	at org.springframework.beans.factory.support.AbstractAutowireCapableBeanFactory.invokeInitMethods(AbstractAutowireCapableBeanFactory.java:1797)
	at org.springframework.beans.factory.support.AbstractAutowireCapableBeanFactory.initializeBean(AbstractAutowireCapableBeanFactory.java:1747)
	at org.springframework.beans.factory.support.AbstractAutowireCapableBeanFactory.doCreateBean(AbstractAutowireCapableBeanFactory.java:599)
	at org.springframework.beans.factory.support.AbstractAutowireCapableBeanFactory.createBean(AbstractAutowireCapableBeanFactory.java:521)
	at org.springframework.beans.factory.support.AbstractBeanFactory.lambda$doGetBean$0(AbstractBeanFactory.java:326)
	at org.springframework.beans.factory.support.DefaultSingletonBeanRegistry.getSingleton(DefaultSingletonBeanRegistry.java:234)
	at org.springframework.beans.factory.support.AbstractBeanFactory.doGetBean(AbstractBeanFactory.java:324)
	at org.springframework.beans.factory.support.AbstractBeanFactory.getBean(AbstractBeanFactory.java:200)
	at org.springframework.beans.factory.support.DefaultListableBeanFactory.preInstantiateSingletons(DefaultListableBeanFactory.java:961)
	at org.springframework.context.support.AbstractApplicationContext.finishBeanFactoryInitialization(AbstractApplicationContext.java:915)
	at org.springframework.context.support.AbstractApplicationContext.refresh(AbstractApplicationContext.java:584)
	at org.springframework.boot.web.servlet.context.ServletWebServerApplicationContext.refresh(ServletWebServerApplicationContext.java:146)
	at org.springframework.boot.SpringApplication.refresh(SpringApplication.java:730)
	at org.springframework.boot.SpringApplication.refreshContext(SpringApplication.java:432)
	at org.springframework.boot.SpringApplication.run(SpringApplication.java:308)
	at org.springframework.boot.SpringApplication.run(SpringApplication.java:1302)
	at org.springframework.boot.SpringApplication.run(SpringApplication.java:1291)
	at biz.com.xcf.xls.note.biz.XlsNoteBizApplication.main(XlsNoteBizApplication.java:12)
Caused by: java.lang.IllegalArgumentException: String length must be a multiple of four.
	at com.alibaba.druid.util.Base64.base64ToByteArray(Base64.java:121)
	at com.alibaba.druid.util.Base64.base64ToByteArray(Base64.java:106)
	at com.alibaba.druid.filter.config.ConfigTools.decrypt(ConfigTools.java:143)
	at com.alibaba.druid.filter.config.ConfigFilter.decrypt(ConfigFilter.java:195)
	... 21 common frames omitted
2025-08-03 22:58:37.549 [main] WARN  o.s.b.w.s.c.AnnotationConfigServletWebServerApplicationContext - Exception encountered during context initialization - cancelling refresh attempt: org.springframework.beans.factory.BeanCreationException: Error creating bean with name 'dataSource' defined in class path resource [com/alibaba/druid/spring/boot3/autoconfigure/DruidDataSourceAutoConfigure.class]: Failed to decrypt.
2025-08-03 22:58:37.550 [main] INFO  org.apache.catalina.core.StandardService - Stopping service [Tomcat]
2025-08-03 22:58:37.574 [main] INFO  o.s.b.a.logging.ConditionEvaluationReportLogger - 

Error starting ApplicationContext. To display the condition evaluation report re-run your application with 'debug' enabled.
2025-08-03 22:58:37.589 [main] ERROR org.springframework.boot.SpringApplication - Application run failed
org.springframework.beans.factory.BeanCreationException: Error creating bean with name 'dataSource' defined in class path resource [com/alibaba/druid/spring/boot3/autoconfigure/DruidDataSourceAutoConfigure.class]: Failed to decrypt.
	at org.springframework.beans.factory.support.AbstractAutowireCapableBeanFactory.initializeBean(AbstractAutowireCapableBeanFactory.java:1751)
	at org.springframework.beans.factory.support.AbstractAutowireCapableBeanFactory.doCreateBean(AbstractAutowireCapableBeanFactory.java:599)
	at org.springframework.beans.factory.support.AbstractAutowireCapableBeanFactory.createBean(AbstractAutowireCapableBeanFactory.java:521)
	at org.springframework.beans.factory.support.AbstractBeanFactory.lambda$doGetBean$0(AbstractBeanFactory.java:326)
	at org.springframework.beans.factory.support.DefaultSingletonBeanRegistry.getSingleton(DefaultSingletonBeanRegistry.java:234)
	at org.springframework.beans.factory.support.AbstractBeanFactory.doGetBean(AbstractBeanFactory.java:324)
	at org.springframework.beans.factory.support.AbstractBeanFactory.getBean(AbstractBeanFactory.java:200)
	at org.springframework.beans.factory.support.DefaultListableBeanFactory.preInstantiateSingletons(DefaultListableBeanFactory.java:961)
	at org.springframework.context.support.AbstractApplicationContext.finishBeanFactoryInitialization(AbstractApplicationContext.java:915)
	at org.springframework.context.support.AbstractApplicationContext.refresh(AbstractApplicationContext.java:584)
	at org.springframework.boot.web.servlet.context.ServletWebServerApplicationContext.refresh(ServletWebServerApplicationContext.java:146)
	at org.springframework.boot.SpringApplication.refresh(SpringApplication.java:730)
	at org.springframework.boot.SpringApplication.refreshContext(SpringApplication.java:432)
	at org.springframework.boot.SpringApplication.run(SpringApplication.java:308)
	at org.springframework.boot.SpringApplication.run(SpringApplication.java:1302)
	at org.springframework.boot.SpringApplication.run(SpringApplication.java:1291)
	at biz.com.xcf.xls.note.biz.XlsNoteBizApplication.main(XlsNoteBizApplication.java:12)
Caused by: java.lang.IllegalArgumentException: Failed to decrypt.
	at com.alibaba.druid.filter.config.ConfigFilter.decrypt(ConfigFilter.java:203)
	at com.alibaba.druid.filter.config.ConfigFilter.init(ConfigFilter.java:122)
	at com.alibaba.druid.pool.DruidDataSource.init(DruidDataSource.java:835)
	at com.alibaba.druid.spring.boot3.autoconfigure.DruidDataSourceWrapper.afterPropertiesSet(DruidDataSourceWrapper.java:51)
	at org.springframework.beans.factory.support.AbstractAutowireCapableBeanFactory.invokeInitMethods(AbstractAutowireCapableBeanFactory.java:1797)
	at org.springframework.beans.factory.support.AbstractAutowireCapableBeanFactory.initializeBean(AbstractAutowireCapableBeanFactory.java:1747)
	... 16 common frames omitted
Caused by: java.lang.IllegalArgumentException: String length must be a multiple of four.
	at com.alibaba.druid.util.Base64.base64ToByteArray(Base64.java:121)
	at com.alibaba.druid.util.Base64.base64ToByteArray(Base64.java:106)
	at com.alibaba.druid.filter.config.ConfigTools.decrypt(ConfigTools.java:143)
	at com.alibaba.druid.filter.config.ConfigFilter.decrypt(ConfigFilter.java:195)
	... 21 common frames omitted
2025-08-03 22:59:58.826 [main] WARN  com.alibaba.nacos.client.logging.NacosLogging - Load Logback Configuration of Nacos fail, message: Could not initialize Logback Nacos logging from classpath:nacos-logback.xml
2025-08-03 22:59:58.877 [main] WARN  com.alibaba.nacos.client.logging.NacosLogging - Load Logback Configuration of Nacos fail, message: Could not initialize Logback Nacos logging from classpath:nacos-logback.xml
2025-08-03 22:59:59.264 [main] WARN  com.alibaba.nacos.client.logging.NacosLogging - Load Logback Configuration of Nacos fail, message: Could not initialize Logback Nacos logging from classpath:nacos-logback.xml
2025-08-03 22:59:59.277 [main] WARN  com.alibaba.nacos.client.logging.NacosLogging - Load Logback Configuration of Nacos fail, message: Could not initialize Logback Nacos logging from classpath:nacos-logback.xml
2025-08-03 22:59:59.278 [main] INFO  biz.com.xcf.xls.note.biz.XlsNoteBizApplication - The following 1 profile is active: "dev"
2025-08-03 22:59:59.727 [main] WARN  org.mybatis.spring.mapper.ClassPathMapperScanner - No MyBatis mapper was found in '[com.xcf.xls.note.biz.domain.mapper]' package. Please check your configuration.
2025-08-03 22:59:59.791 [main] INFO  o.springframework.cloud.context.scope.GenericScope - BeanFactory id=4ecf8a47-ba1e-3da4-8cd2-5dc81dadd1a0
2025-08-03 23:00:00.111 [main] INFO  o.s.boot.web.embedded.tomcat.TomcatWebServer - Tomcat initialized with port(s): 8086 (http)
2025-08-03 23:00:00.120 [main] INFO  org.apache.catalina.core.StandardService - Starting service [Tomcat]
2025-08-03 23:00:00.120 [main] INFO  org.apache.catalina.core.StandardEngine - Starting Servlet engine: [Apache Tomcat/10.1.5]
2025-08-03 23:00:00.194 [main] INFO  o.a.c.core.ContainerBase.[Tomcat].[localhost].[/] - Initializing Spring embedded WebApplicationContext
2025-08-03 23:00:00.194 [main] INFO  o.s.b.w.s.c.ServletWebServerApplicationContext - Root WebApplicationContext: initialization completed in 902 ms
2025-08-03 23:00:00.672 [main] INFO  c.a.d.s.b.a.DruidDataSourceAutoConfigure - Init DruidDataSource
2025-08-03 23:00:01.173 [main] INFO  com.alibaba.druid.pool.DruidDataSource - {dataSource-1} inited
2025-08-03 23:00:01.496 [main] INFO  o.s.boot.web.embedded.tomcat.TomcatWebServer - Tomcat started on port(s): 8086 (http) with context path ''
2025-08-03 23:00:01.501 [main] WARN  com.alibaba.nacos.client.logging.NacosLogging - Load Logback Configuration of Nacos fail, message: Could not initialize Logback Nacos logging from classpath:nacos-logback.xml
2025-08-03 23:00:01.503 [main] INFO  com.alibaba.nacos.client.naming - initializer namespace from ans.namespace attribute : null
2025-08-03 23:00:01.503 [main] INFO  com.alibaba.nacos.client.naming - initializer namespace from ALIBABA_ALIWARE_NAMESPACE attribute :null
2025-08-03 23:00:01.504 [main] INFO  com.alibaba.nacos.client.naming - initializer namespace from namespace attribute :null
2025-08-03 23:00:01.523 [main] INFO  com.alibaba.nacos.client.utils.ParamUtil - [settings] [req-serv] nacos-server port:8848
2025-08-03 23:00:01.523 [main] INFO  com.alibaba.nacos.client.utils.ParamUtil - [settings] [http-client] connect timeout:1000
2025-08-03 23:00:01.524 [main] INFO  com.alibaba.nacos.client.utils.ParamUtil - PER_TASK_CONFIG_SIZE: 3000.0
2025-08-03 23:00:01.526 [main] INFO  c.a.n.p.auth.spi.client.ClientAuthPluginManager - [ClientAuthPluginManager] Load ClientAuthService com.alibaba.nacos.client.auth.impl.NacosClientAuthServiceImpl success.
2025-08-03 23:00:01.528 [main] INFO  c.a.n.p.auth.spi.client.ClientAuthPluginManager - [ClientAuthPluginManager] Load ClientAuthService com.alibaba.nacos.client.auth.ram.RamClientAuthServiceImpl success.
2025-08-03 23:00:01.530 [main] INFO  c.a.n.client.auth.ram.identify.CredentialWatcher - null No credential found
2025-08-03 23:00:01.538 [main] INFO  com.alibaba.nacos.common.remote.client - [RpcClientFactory] create a new rpc client of a32c5d2d-4fea-4782-8275-51669ce70f51
2025-08-03 23:00:01.553 [main] INFO  com.alibaba.nacos.common.remote.client - [a32c5d2d-4fea-4782-8275-51669ce70f51] RpcClient init, ServerListFactory = com.alibaba.nacos.client.naming.core.ServerListManager
2025-08-03 23:00:01.553 [main] INFO  com.alibaba.nacos.common.remote.client - [a32c5d2d-4fea-4782-8275-51669ce70f51] Registry connection listener to current client:com.alibaba.nacos.client.naming.remote.gprc.redo.NamingGrpcRedoService
2025-08-03 23:00:01.553 [main] INFO  com.alibaba.nacos.common.remote.client - [a32c5d2d-4fea-4782-8275-51669ce70f51] Register server push request handler:com.alibaba.nacos.client.naming.remote.gprc.NamingPushRequestHandler
2025-08-03 23:00:01.555 [main] INFO  com.alibaba.nacos.common.remote.client - [a32c5d2d-4fea-4782-8275-51669ce70f51] Try to connect to server on start up, server: {serverIp = '127.0.0.1', server main port = 8848}
2025-08-03 23:00:01.579 [main] INFO  c.a.nacos.common.remote.client.grpc.GrpcClient - grpc client connection server:127.0.0.1 ip,serverPort:9848,grpcTslConfig:{"sslProvider":"OPENSSL","enableTls":false,"mutualAuthEnable":false,"trustAll":false}
2025-08-03 23:00:02.425 [main] INFO  com.alibaba.nacos.common.remote.client - [a32c5d2d-4fea-4782-8275-51669ce70f51] Success to connect to server [127.0.0.1:8848] on start up, connectionId = 1754233202248_127.0.0.1_60067
2025-08-03 23:00:02.426 [com.alibaba.nacos.client.remote.worker] INFO  com.alibaba.nacos.common.remote.client - [a32c5d2d-4fea-4782-8275-51669ce70f51] Notify connected event to listeners.
2025-08-03 23:00:02.426 [com.alibaba.nacos.client.remote.worker] INFO  com.alibaba.nacos.client.naming - Grpc connection connect
2025-08-03 23:00:02.426 [main] INFO  com.alibaba.nacos.common.remote.client - [a32c5d2d-4fea-4782-8275-51669ce70f51] Register server push request handler:com.alibaba.nacos.common.remote.client.RpcClient$ConnectResetRequestHandler
2025-08-03 23:00:02.426 [main] INFO  com.alibaba.nacos.common.remote.client - [a32c5d2d-4fea-4782-8275-51669ce70f51] Register server push request handler:com.alibaba.nacos.common.remote.client.RpcClient$$Lambda$1036/0x00000284b07ddae0
2025-08-03 23:00:02.427 [main] INFO  com.alibaba.nacos.client.naming - [REGISTER-SERVICE] xls registering service xls-note with instance Instance{instanceId='null', ip='192.168.198.203', port=8086, weight=1.0, healthy=true, enabled=true, ephemeral=true, clusterName='DEFAULT', serviceName='null', metadata={IPv6=[2408:8459:c70:de46:7e68:6e3c:f76b:1cd2], preserved.register.source=SPRING_CLOUD}}
2025-08-03 23:00:02.449 [main] INFO  c.a.cloud.nacos.registry.NacosServiceRegistry - nacos registry, DEFAULT_GROUP xls-note 192.168.198.203:8086 register finished
2025-08-03 23:00:02.573 [main] INFO  biz.com.xcf.xls.note.biz.XlsNoteBizApplication - Started XlsNoteBizApplication in 4.267 seconds (process running for 4.716)
2025-08-03 23:14:53.295 [Thread-8] WARN  c.alibaba.nacos.common.http.HttpClientBeanHolder - [HttpClientBeanHolder] Start destroying common HttpClient
2025-08-03 23:14:53.295 [Thread-5] WARN  com.alibaba.nacos.common.notify.NotifyCenter - [NotifyCenter] Start destroying Publisher
2025-08-03 23:14:53.295 [Thread-5] WARN  com.alibaba.nacos.common.notify.NotifyCenter - [NotifyCenter] Destruction of the end
2025-08-03 23:14:53.296 [Thread-8] WARN  c.alibaba.nacos.common.http.HttpClientBeanHolder - [HttpClientBeanHolder] Destruction of the end
2025-08-03 23:14:53.347 [SpringApplicationShutdownHook] INFO  com.alibaba.druid.pool.DruidDataSource - {dataSource-1} closing ...
2025-08-03 23:14:53.360 [SpringApplicationShutdownHook] INFO  com.alibaba.druid.pool.DruidDataSource - {dataSource-1} closed
2025-08-03 23:14:53.361 [SpringApplicationShutdownHook] INFO  c.a.cloud.nacos.registry.NacosServiceRegistry - De-registering from Nacos Server now...
2025-08-03 23:14:53.361 [SpringApplicationShutdownHook] INFO  com.alibaba.nacos.client.naming - [DEREGISTER-SERVICE] xls deregistering service xls-note with instance: Instance{instanceId='null', ip='192.168.198.203', port=8086, weight=1.0, healthy=true, enabled=true, ephemeral=true, clusterName='DEFAULT', serviceName='null', metadata={}}
2025-08-03 23:14:53.367 [SpringApplicationShutdownHook] INFO  c.a.cloud.nacos.registry.NacosServiceRegistry - De-registration finished.
2025-08-03 23:14:53.368 [SpringApplicationShutdownHook] INFO  com.alibaba.nacos.client.naming - com.alibaba.nacos.client.naming.cache.ServiceInfoHolder do shutdown begin
2025-08-03 23:14:53.368 [SpringApplicationShutdownHook] INFO  com.alibaba.nacos.client.naming - com.alibaba.nacos.client.naming.backups.FailoverReactor do shutdown begin
2025-08-03 23:14:53.368 [SpringApplicationShutdownHook] INFO  com.alibaba.nacos.client.naming - com.alibaba.nacos.client.naming.backups.FailoverReactor do shutdown stop
2025-08-03 23:14:53.368 [SpringApplicationShutdownHook] INFO  com.alibaba.nacos.client.naming - com.alibaba.nacos.client.naming.cache.ServiceInfoHolder do shutdown stop
2025-08-03 23:14:53.369 [SpringApplicationShutdownHook] INFO  com.alibaba.nacos.client.naming - com.alibaba.nacos.client.naming.remote.NamingClientProxyDelegate do shutdown begin
2025-08-03 23:14:53.369 [SpringApplicationShutdownHook] INFO  com.alibaba.nacos.client.naming - com.alibaba.nacos.client.naming.core.ServiceInfoUpdateService do shutdown begin
2025-08-03 23:14:53.369 [SpringApplicationShutdownHook] INFO  com.alibaba.nacos.client.naming - com.alibaba.nacos.client.naming.core.ServiceInfoUpdateService do shutdown stop
2025-08-03 23:14:53.369 [SpringApplicationShutdownHook] INFO  com.alibaba.nacos.client.naming - com.alibaba.nacos.client.naming.core.ServerListManager do shutdown begin
2025-08-03 23:14:53.369 [SpringApplicationShutdownHook] WARN  com.alibaba.nacos.client.naming - [NamingHttpClientManager] Start destroying NacosRestTemplate
2025-08-03 23:14:53.369 [SpringApplicationShutdownHook] WARN  com.alibaba.nacos.client.naming - [NamingHttpClientManager] Destruction of the end
2025-08-03 23:14:53.369 [SpringApplicationShutdownHook] INFO  com.alibaba.nacos.client.naming - com.alibaba.nacos.client.naming.core.ServerListManager do shutdown stop
2025-08-03 23:14:53.369 [SpringApplicationShutdownHook] INFO  com.alibaba.nacos.client.naming - com.alibaba.nacos.client.naming.remote.http.NamingHttpClientProxy do shutdown begin
2025-08-03 23:14:53.369 [SpringApplicationShutdownHook] WARN  com.alibaba.nacos.client.naming - [NamingHttpClientManager] Start destroying NacosRestTemplate
2025-08-03 23:14:53.369 [SpringApplicationShutdownHook] WARN  com.alibaba.nacos.client.naming - [NamingHttpClientManager] Destruction of the end
2025-08-03 23:14:53.369 [SpringApplicationShutdownHook] INFO  com.alibaba.nacos.client.naming - com.alibaba.nacos.client.naming.remote.http.NamingHttpClientProxy do shutdown stop
2025-08-03 23:14:53.369 [SpringApplicationShutdownHook] INFO  com.alibaba.nacos.common.remote.client - Shutdown rpc client, set status to shutdown
2025-08-03 23:14:53.369 [SpringApplicationShutdownHook] INFO  com.alibaba.nacos.common.remote.client - Shutdown client event executor java.util.concurrent.ScheduledThreadPoolExecutor@408ed1b0[Running, pool size = 2, active threads = 2, queued tasks = 0, completed tasks = 0]
2025-08-03 23:14:53.369 [SpringApplicationShutdownHook] INFO  com.alibaba.nacos.common.remote.client - Close current connection 1754233202248_127.0.0.1_60067
2025-08-03 23:14:53.374 [nacos-grpc-client-executor-127.0.0.1-198] INFO  c.a.nacos.common.remote.client.grpc.GrpcClient - [1754233202248_127.0.0.1_60067]Ignore complete event,isRunning:false,isAbandon=false
2025-08-03 23:14:53.376 [SpringApplicationShutdownHook] INFO  c.a.nacos.common.remote.client.grpc.GrpcClient - Shutdown grpc executor java.util.concurrent.ThreadPoolExecutor@117cbbe6[Running, pool size = 5, active threads = 0, queued tasks = 0, completed tasks = 199]
2025-08-03 23:14:53.376 [SpringApplicationShutdownHook] INFO  com.alibaba.nacos.client.naming - Shutdown grpc redo service executor java.util.concurrent.ScheduledThreadPoolExecutor@4e8919e2[Running, pool size = 1, active threads = 0, queued tasks = 1, completed tasks = 296]
2025-08-03 23:14:53.377 [SpringApplicationShutdownHook] INFO  c.a.n.client.auth.ram.identify.CredentialWatcher - [null] CredentialWatcher is stopped
2025-08-03 23:14:53.377 [SpringApplicationShutdownHook] INFO  c.a.n.client.auth.ram.identify.CredentialService - [null] CredentialService is freed
2025-08-03 23:14:53.377 [SpringApplicationShutdownHook] INFO  com.alibaba.nacos.client.naming - com.alibaba.nacos.client.naming.remote.NamingClientProxyDelegate do shutdown stop
2025-08-03 23:14:59.789 [main] WARN  com.alibaba.nacos.client.logging.NacosLogging - Load Logback Configuration of Nacos fail, message: Could not initialize Logback Nacos logging from classpath:nacos-logback.xml
2025-08-03 23:14:59.844 [main] WARN  com.alibaba.nacos.client.logging.NacosLogging - Load Logback Configuration of Nacos fail, message: Could not initialize Logback Nacos logging from classpath:nacos-logback.xml
2025-08-03 23:15:00.249 [main] WARN  com.alibaba.nacos.client.logging.NacosLogging - Load Logback Configuration of Nacos fail, message: Could not initialize Logback Nacos logging from classpath:nacos-logback.xml
2025-08-03 23:15:00.259 [main] WARN  com.alibaba.nacos.client.logging.NacosLogging - Load Logback Configuration of Nacos fail, message: Could not initialize Logback Nacos logging from classpath:nacos-logback.xml
2025-08-03 23:15:00.259 [main] INFO  com.xcf.xls.note.biz.XlsNoteBizApplication - The following 1 profile is active: "dev"
2025-08-03 23:15:00.855 [main] INFO  o.s.d.r.config.RepositoryConfigurationDelegate - Multiple Spring Data modules found, entering strict repository configuration mode
2025-08-03 23:15:00.857 [main] INFO  o.s.d.r.config.RepositoryConfigurationDelegate - Bootstrapping Spring Data Redis repositories in DEFAULT mode.
2025-08-03 23:15:00.877 [main] INFO  o.s.d.r.config.RepositoryConfigurationDelegate - Finished Spring Data repository scanning in 6 ms. Found 0 Redis repository interfaces.
2025-08-03 23:15:01.010 [main] INFO  o.springframework.cloud.context.scope.GenericScope - BeanFactory id=cb6d264a-aacc-390d-86da-f477baa6038d
2025-08-03 23:15:01.453 [main] INFO  o.s.boot.web.embedded.tomcat.TomcatWebServer - Tomcat initialized with port(s): 8086 (http)
2025-08-03 23:15:01.462 [main] INFO  org.apache.catalina.core.StandardService - Starting service [Tomcat]
2025-08-03 23:15:01.463 [main] INFO  org.apache.catalina.core.StandardEngine - Starting Servlet engine: [Apache Tomcat/10.1.5]
2025-08-03 23:15:01.545 [main] INFO  o.a.c.core.ContainerBase.[Tomcat].[localhost].[/] - Initializing Spring embedded WebApplicationContext
2025-08-03 23:15:01.545 [main] INFO  o.s.b.w.s.c.ServletWebServerApplicationContext - Root WebApplicationContext: initialization completed in 1274 ms
2025-08-03 23:15:02.237 [main] INFO  c.a.d.s.b.a.DruidDataSourceAutoConfigure - Init DruidDataSource
2025-08-03 23:15:02.645 [main] INFO  com.alibaba.druid.pool.DruidDataSource - {dataSource-1} inited
2025-08-03 23:15:03.146 [main] INFO  o.s.boot.web.embedded.tomcat.TomcatWebServer - Tomcat started on port(s): 8086 (http) with context path ''
2025-08-03 23:15:03.152 [main] WARN  com.alibaba.nacos.client.logging.NacosLogging - Load Logback Configuration of Nacos fail, message: Could not initialize Logback Nacos logging from classpath:nacos-logback.xml
2025-08-03 23:15:03.152 [main] INFO  com.alibaba.nacos.client.naming - initializer namespace from ans.namespace attribute : null
2025-08-03 23:15:03.153 [main] INFO  com.alibaba.nacos.client.naming - initializer namespace from ALIBABA_ALIWARE_NAMESPACE attribute :null
2025-08-03 23:15:03.153 [main] INFO  com.alibaba.nacos.client.naming - initializer namespace from namespace attribute :null
2025-08-03 23:15:03.176 [main] INFO  com.alibaba.nacos.client.utils.ParamUtil - [settings] [req-serv] nacos-server port:8848
2025-08-03 23:15:03.176 [main] INFO  com.alibaba.nacos.client.utils.ParamUtil - [settings] [http-client] connect timeout:1000
2025-08-03 23:15:03.177 [main] INFO  com.alibaba.nacos.client.utils.ParamUtil - PER_TASK_CONFIG_SIZE: 3000.0
2025-08-03 23:15:03.180 [main] INFO  c.a.n.p.auth.spi.client.ClientAuthPluginManager - [ClientAuthPluginManager] Load ClientAuthService com.alibaba.nacos.client.auth.impl.NacosClientAuthServiceImpl success.
2025-08-03 23:15:03.180 [main] INFO  c.a.n.p.auth.spi.client.ClientAuthPluginManager - [ClientAuthPluginManager] Load ClientAuthService com.alibaba.nacos.client.auth.ram.RamClientAuthServiceImpl success.
2025-08-03 23:15:03.183 [main] INFO  c.a.n.client.auth.ram.identify.CredentialWatcher - null No credential found
2025-08-03 23:15:03.192 [main] INFO  com.alibaba.nacos.common.remote.client - [RpcClientFactory] create a new rpc client of 8500271e-031d-4c67-bfff-e213f0a3d668
2025-08-03 23:15:03.209 [main] INFO  com.alibaba.nacos.common.remote.client - [8500271e-031d-4c67-bfff-e213f0a3d668] RpcClient init, ServerListFactory = com.alibaba.nacos.client.naming.core.ServerListManager
2025-08-03 23:15:03.209 [main] INFO  com.alibaba.nacos.common.remote.client - [8500271e-031d-4c67-bfff-e213f0a3d668] Registry connection listener to current client:com.alibaba.nacos.client.naming.remote.gprc.redo.NamingGrpcRedoService
2025-08-03 23:15:03.210 [main] INFO  com.alibaba.nacos.common.remote.client - [8500271e-031d-4c67-bfff-e213f0a3d668] Register server push request handler:com.alibaba.nacos.client.naming.remote.gprc.NamingPushRequestHandler
2025-08-03 23:15:03.211 [main] INFO  com.alibaba.nacos.common.remote.client - [8500271e-031d-4c67-bfff-e213f0a3d668] Try to connect to server on start up, server: {serverIp = '127.0.0.1', server main port = 8848}
2025-08-03 23:15:03.235 [main] INFO  c.a.nacos.common.remote.client.grpc.GrpcClient - grpc client connection server:127.0.0.1 ip,serverPort:9848,grpcTslConfig:{"sslProvider":"OPENSSL","enableTls":false,"mutualAuthEnable":false,"trustAll":false}
2025-08-03 23:15:04.049 [main] INFO  com.alibaba.nacos.common.remote.client - [8500271e-031d-4c67-bfff-e213f0a3d668] Success to connect to server [127.0.0.1:8848] on start up, connectionId = 1754234103864_127.0.0.1_61865
2025-08-03 23:15:04.051 [com.alibaba.nacos.client.remote.worker] INFO  com.alibaba.nacos.common.remote.client - [8500271e-031d-4c67-bfff-e213f0a3d668] Notify connected event to listeners.
2025-08-03 23:15:04.051 [com.alibaba.nacos.client.remote.worker] INFO  com.alibaba.nacos.client.naming - Grpc connection connect
2025-08-03 23:15:04.051 [main] INFO  com.alibaba.nacos.common.remote.client - [8500271e-031d-4c67-bfff-e213f0a3d668] Register server push request handler:com.alibaba.nacos.common.remote.client.RpcClient$ConnectResetRequestHandler
2025-08-03 23:15:04.053 [main] INFO  com.alibaba.nacos.common.remote.client - [8500271e-031d-4c67-bfff-e213f0a3d668] Register server push request handler:com.alibaba.nacos.common.remote.client.RpcClient$$Lambda$1236/0x0000018baf906d40
2025-08-03 23:15:04.054 [main] INFO  com.alibaba.nacos.client.naming - [REGISTER-SERVICE] xls registering service xls-note with instance Instance{instanceId='null', ip='192.168.198.203', port=8086, weight=1.0, healthy=true, enabled=true, ephemeral=true, clusterName='DEFAULT', serviceName='null', metadata={IPv6=[2408:8459:c70:de46:7e68:6e3c:f76b:1cd2], preserved.register.source=SPRING_CLOUD}}
2025-08-03 23:15:04.064 [main] INFO  c.a.cloud.nacos.registry.NacosServiceRegistry - nacos registry, DEFAULT_GROUP xls-note 192.168.198.203:8086 register finished
2025-08-03 23:15:04.201 [main] INFO  com.xcf.xls.note.biz.XlsNoteBizApplication - Started XlsNoteBizApplication in 4.943 seconds (process running for 5.446)
